<?xml version="1.0" encoding="UTF-8"?>
<testsuite name="ir.encoding.msg.ChatApplicationTests" tests="1" skipped="0" failures="0" errors="0" timestamp="2024-02-16T07:38:28" hostname="mohammad" time="0.976">
  <properties/>
  <testcase name="contextLoads()" classname="ir.encoding.msg.ChatApplicationTests" time="0.976"/>
  <system-out><![CDATA[08:38:20.431 [Test worker] INFO org.springframework.test.context.support.AnnotationConfigContextLoaderUtils -- Could not detect default configuration classes for test class [ir.encoding.msg.ChatApplicationTests]: ChatApplicationTests does not declare any static, non-private, non-final, nested classes annotated with @Configuration.
08:38:20.590 [Test worker] INFO org.springframework.boot.test.context.SpringBootTestContextBootstrapper -- Found @SpringBootConfiguration ir.encoding.msg.ChatApplication for test class ir.encoding.msg.ChatApplicationTests

  .   ____          _            __ _ _
 /\\ / ___'_ __ _ _(_)_ __  __ _ \ \ \ \
( ( )\___ | '_ | '_| | '_ \/ _` | \ \ \ \
 \\/  ___)| |_)| | | | | || (_| |  ) ) ) )
  '  |____| .__|_| |_|_| |_\__, | / / / /
 =========|_|==============|___/=/_/_/_/
 :: Spring Boot ::                (v3.2.2)

2024-02-16T08:38:21.324+01:00  INFO 2377047 --- [    Test worker] ir.encoding.msg.ChatApplicationTests     : Starting ChatApplicationTests using Java 21 with PID 2377047 (started by mohammad in /media/mohammad/J/projects/workspaces/spring/chat)
2024-02-16T08:38:21.326+01:00  INFO 2377047 --- [    Test worker] ir.encoding.msg.ChatApplicationTests     : No active profile set, falling back to 1 default profile: "default"
2024-02-16T08:38:22.704+01:00  INFO 2377047 --- [    Test worker] .s.d.r.c.RepositoryConfigurationDelegate : Bootstrapping Spring Data JPA repositories in DEFAULT mode.
2024-02-16T08:38:22.740+01:00  INFO 2377047 --- [    Test worker] .s.d.r.c.RepositoryConfigurationDelegate : Finished Spring Data repository scanning in 22 ms. Found 0 JPA repository interfaces.
2024-02-16T08:38:23.738+01:00  INFO 2377047 --- [    Test worker] com.zaxxer.hikari.HikariDataSource       : HikariPool-1 - Starting...
2024-02-16T08:38:23.999+01:00  INFO 2377047 --- [    Test worker] com.zaxxer.hikari.pool.HikariPool        : HikariPool-1 - Added connection org.postgresql.jdbc.PgConnection@239b98cb
2024-02-16T08:38:24.002+01:00  INFO 2377047 --- [    Test worker] com.zaxxer.hikari.HikariDataSource       : HikariPool-1 - Start completed.
2024-02-16T08:38:24.069+01:00  INFO 2377047 --- [    Test worker] o.hibernate.jpa.internal.util.LogHelper  : HHH000204: Processing PersistenceUnitInfo [name: default]
2024-02-16T08:38:24.181+01:00  INFO 2377047 --- [    Test worker] org.hibernate.Version                    : HHH000412: Hibernate ORM core version 6.4.1.Final
2024-02-16T08:38:24.245+01:00  INFO 2377047 --- [    Test worker] o.h.c.internal.RegionFactoryInitiator    : HHH000026: Second-level cache disabled
2024-02-16T08:38:24.678+01:00  INFO 2377047 --- [    Test worker] o.s.o.j.p.SpringPersistenceUnitInfo      : No LoadTimeWeaver setup: ignoring JPA class transformer
2024-02-16T08:38:25.351+01:00  INFO 2377047 --- [    Test worker] o.h.e.t.j.p.i.JtaPlatformInitiator       : HHH000489: No JTA platform available (set 'hibernate.transaction.jta.platform' to enable JTA platform integration)
2024-02-16T08:38:25.360+01:00  INFO 2377047 --- [    Test worker] j.LocalContainerEntityManagerFactoryBean : Initialized JPA EntityManagerFactory for persistence unit 'default'
2024-02-16T08:38:26.120+01:00  WARN 2377047 --- [    Test worker] JpaBaseConfiguration$JpaWebConfiguration : spring.jpa.open-in-view is enabled by default. Therefore, database queries may be performed during view rendering. Explicitly configure spring.jpa.open-in-view to disable this warning
2024-02-16T08:38:27.567+01:00  INFO 2377047 --- [    Test worker] o.s.b.a.e.web.EndpointLinksResolver      : Exposing 1 endpoint(s) beneath base path '/actuator'
2024-02-16T08:38:27.670+01:00  INFO 2377047 --- [    Test worker] o.s.a.r.c.CachingConnectionFactory       : Attempting to connect to: [localhost:5672]
2024-02-16T08:38:27.762+01:00  INFO 2377047 --- [    Test worker] o.s.a.r.c.CachingConnectionFactory       : Created new connection: rabbitConnectionFactory#1ee6434:0/SimpleConnection@2b569858 [delegate=amqp://guest@127.0.0.1:5672/, localPort=39964]
2024-02-16T08:38:27.899+01:00  INFO 2377047 --- [    Test worker] ir.encoding.msg.ChatApplicationTests     : Started ChatApplicationTests in 7.061 seconds (process running for 8.526)
]]></system-out>
  <system-err><![CDATA[WARNING: A Java agent has been loaded dynamically (/media/mohammad/HD830/maven/gradle/caches/modules-2/files-2.1/net.bytebuddy/byte-buddy-agent/1.14.11/f9cb566608fbac6bc7bf54901a7aa11543a989ee/byte-buddy-agent-1.14.11.jar)
WARNING: If a serviceability tool is in use, please run with -XX:+EnableDynamicAgentLoading to hide this warning
WARNING: If a serviceability tool is not in use, please run with -Djdk.instrument.traceUsage for more information
WARNING: Dynamic loading of agents will be disallowed by default in a future release
]]></system-err>
</testsuite>
